🚀 UK Farm Content Swarm Launching...
Time: Thu Feb 26 06:00:01 AM UTC 2026

📅 DAILY TEAM (6:00 AM UTC)
🤖 Spawning: 🌦 Weather Scout
tee: '': No such file or directory
  ✅ 🌦 Weather Scout ready (task logged)
🤖 Spawning: 💰 Grants Hunter
tee: '': No such file or directory
  ✅ 💰 Grants Hunter ready (task logged)
🤖 Spawning: 📈 Market Watcher
tee: '': No such file or directory
  ✅ 📈 Market Watcher ready (task logged)
🤖 Spawning: 📝 Daily Brief Writer
tee: '': No such file or directory
  ✅ 📝 Daily Brief Writer ready (task logged)

📅 WEEKLY TEAM (Sunday 8:00 AM UTC)
🤖 Spawning: 🔍 SEO Researcher
tee: '': No such file or directory
  ✅ 🔍 SEO Researcher ready (task logged)
🤖 Spawning: ✍️ Long-Form Writer
tee: '': No such file or directory
  ✅ ✍️ Long-Form Writer ready (task logged)

📅 MONTHLY TEAM (1st of month 9:00 AM UTC)
🤖 Spawning: 🗓️ Seasonal Editor
tee: '': No such file or directory
  ✅ 🗓️ Seasonal Editor ready (task logged)
🤖 Spawning: 🛠️ Tool Developer
tee: '': No such file or directory
  ✅ 🛠️ Tool Developer ready (task logged)

🚀 DEPLOYER (On content changes)
🤖 Spawning: 🔨 Site Builder
tee: '': No such file or directory
  ✅ 🔨 Site Builder ready (task logged)

✅ SWARM CONFIGURATION COMPLETE

Next steps:
1. Subagents will auto-spawn at scheduled times
2. Dependencies: Brief Writer waits for Weather/Grants/Market
3. Site Builder triggers on any content change
4. Notifications sent to Telegram on completion

To add to OpenClaw cron:
  ~/.openclaw/workspace/skills/uk-farm-blog/scripts/swarm-launcher.sh

🎯 Swarm Ready: 9 agents configured
💰 Daily cost: /home/tim/.openclaw/workspace/skills/uk-farm-blog/scripts/swarm-launcher.sh.00 (freeride mode)
🚀 UK Farm Content Swarm Launching...
Time: Fri Feb 27 06:00:01 AM UTC 2026

📅 DAILY TEAM (6:00 AM UTC)
🤖 Spawning: 🌦 Weather Scout
tee: '': No such file or directory
  ✅ 🌦 Weather Scout ready (task logged)
🤖 Spawning: 💰 Grants Hunter
tee: '': No such file or directory
  ✅ 💰 Grants Hunter ready (task logged)
🤖 Spawning: 📈 Market Watcher
tee: '': No such file or directory
  ✅ 📈 Market Watcher ready (task logged)
🤖 Spawning: 📝 Daily Brief Writer
tee: '': No such file or directory
  ✅ 📝 Daily Brief Writer ready (task logged)

📅 WEEKLY TEAM (Sunday 8:00 AM UTC)
🤖 Spawning: 🔍 SEO Researcher
tee: '': No such file or directory
  ✅ 🔍 SEO Researcher ready (task logged)
🤖 Spawning: ✍️ Long-Form Writer
tee: '': No such file or directory
  ✅ ✍️ Long-Form Writer ready (task logged)

📅 MONTHLY TEAM (1st of month 9:00 AM UTC)
🤖 Spawning: 🗓️ Seasonal Editor
tee: '': No such file or directory
  ✅ 🗓️ Seasonal Editor ready (task logged)
🤖 Spawning: 🛠️ Tool Developer
tee: '': No such file or directory
  ✅ 🛠️ Tool Developer ready (task logged)

🚀 DEPLOYER (On content changes)
🤖 Spawning: 🔨 Site Builder
tee: '': No such file or directory
  ✅ 🔨 Site Builder ready (task logged)

✅ SWARM CONFIGURATION COMPLETE

Next steps:
1. Subagents will auto-spawn at scheduled times
2. Dependencies: Brief Writer waits for Weather/Grants/Market
3. Site Builder triggers on any content change
4. Notifications sent to Telegram on completion

To add to OpenClaw cron:
  ~/.openclaw/workspace/skills/uk-farm-blog/scripts/swarm-launcher.sh

🎯 Swarm Ready: 9 agents configured
💰 Daily cost: /home/tim/.openclaw/workspace/skills/uk-farm-blog/scripts/swarm-launcher.sh.00 (freeride mode)
🚀 UK Farm Content Swarm Launching...
Time: Sat Feb 28 06:00:01 AM UTC 2026

📅 DAILY TEAM (6:00 AM UTC)
🤖 Spawning: 🌦 Weather Scout
tee: '': No such file or directory
  ✅ 🌦 Weather Scout ready (task logged)
🤖 Spawning: 💰 Grants Hunter
tee: '': No such file or directory
  ✅ 💰 Grants Hunter ready (task logged)
🤖 Spawning: 📈 Market Watcher
tee: '': No such file or directory
  ✅ 📈 Market Watcher ready (task logged)
🤖 Spawning: 📝 Daily Brief Writer
tee: '': No such file or directory
  ✅ 📝 Daily Brief Writer ready (task logged)

📅 WEEKLY TEAM (Sunday 8:00 AM UTC)
🤖 Spawning: 🔍 SEO Researcher
tee: '': No such file or directory
  ✅ 🔍 SEO Researcher ready (task logged)
🤖 Spawning: ✍️ Long-Form Writer
tee: '': No such file or directory
  ✅ ✍️ Long-Form Writer ready (task logged)

📅 MONTHLY TEAM (1st of month 9:00 AM UTC)
🤖 Spawning: 🗓️ Seasonal Editor
tee: '': No such file or directory
  ✅ 🗓️ Seasonal Editor ready (task logged)
🤖 Spawning: 🛠️ Tool Developer
tee: '': No such file or directory
  ✅ 🛠️ Tool Developer ready (task logged)

🚀 DEPLOYER (On content changes)
🤖 Spawning: 🔨 Site Builder
tee: '': No such file or directory
  ✅ 🔨 Site Builder ready (task logged)

✅ SWARM CONFIGURATION COMPLETE

Next steps:
1. Subagents will auto-spawn at scheduled times
2. Dependencies: Brief Writer waits for Weather/Grants/Market
3. Site Builder triggers on any content change
4. Notifications sent to Telegram on completion

To add to OpenClaw cron:
  ~/.openclaw/workspace/skills/uk-farm-blog/scripts/swarm-launcher.sh

🎯 Swarm Ready: 9 agents configured
💰 Daily cost: /home/tim/.openclaw/workspace/skills/uk-farm-blog/scripts/swarm-launcher.sh.00 (freeride mode)
🚀 UK Farm Content Swarm Launching...
Time: Sun Mar  1 06:00:01 AM UTC 2026

📅 DAILY TEAM (6:00 AM UTC)
🤖 Spawning: 🌦 Weather Scout
tee: '': No such file or directory
  ✅ 🌦 Weather Scout ready (task logged)
🤖 Spawning: 💰 Grants Hunter
tee: '': No such file or directory
  ✅ 💰 Grants Hunter ready (task logged)
🤖 Spawning: 📈 Market Watcher
tee: '': No such file or directory
  ✅ 📈 Market Watcher ready (task logged)
🤖 Spawning: 📝 Daily Brief Writer
tee: '': No such file or directory
  ✅ 📝 Daily Brief Writer ready (task logged)

📅 WEEKLY TEAM (Sunday 8:00 AM UTC)
🤖 Spawning: 🔍 SEO Researcher
tee: '': No such file or directory
  ✅ 🔍 SEO Researcher ready (task logged)
🤖 Spawning: ✍️ Long-Form Writer
tee: '': No such file or directory
  ✅ ✍️ Long-Form Writer ready (task logged)

📅 MONTHLY TEAM (1st of month 9:00 AM UTC)
🤖 Spawning: 🗓️ Seasonal Editor
tee: '': No such file or directory
  ✅ 🗓️ Seasonal Editor ready (task logged)
🤖 Spawning: 🛠️ Tool Developer
tee: '': No such file or directory
  ✅ 🛠️ Tool Developer ready (task logged)

🚀 DEPLOYER (On content changes)
🤖 Spawning: 🔨 Site Builder
tee: '': No such file or directory
  ✅ 🔨 Site Builder ready (task logged)

✅ SWARM CONFIGURATION COMPLETE

Next steps:
1. Subagents will auto-spawn at scheduled times
2. Dependencies: Brief Writer waits for Weather/Grants/Market
3. Site Builder triggers on any content change
4. Notifications sent to Telegram on completion

To add to OpenClaw cron:
  ~/.openclaw/workspace/skills/uk-farm-blog/scripts/swarm-launcher.sh

🎯 Swarm Ready: 9 agents configured
💰 Daily cost: /home/tim/.openclaw/workspace/skills/uk-farm-blog/scripts/swarm-launcher.sh.00 (freeride mode)
🚀 UK Farm Content Swarm Launching...
Time: Mon Mar  2 06:00:01 AM UTC 2026

📅 DAILY TEAM (6:00 AM UTC)
🤖 Spawning: 🌦 Weather Scout
tee: '': No such file or directory
  ✅ 🌦 Weather Scout ready (task logged)
🤖 Spawning: 💰 Grants Hunter
tee: '': No such file or directory
  ✅ 💰 Grants Hunter ready (task logged)
🤖 Spawning: 📈 Market Watcher
tee: '': No such file or directory
  ✅ 📈 Market Watcher ready (task logged)
🤖 Spawning: 📝 Daily Brief Writer
tee: '': No such file or directory
  ✅ 📝 Daily Brief Writer ready (task logged)

📅 WEEKLY TEAM (Sunday 8:00 AM UTC)
🤖 Spawning: 🔍 SEO Researcher
tee: '': No such file or directory
  ✅ 🔍 SEO Researcher ready (task logged)
🤖 Spawning: ✍️ Long-Form Writer
tee: '': No such file or directory
  ✅ ✍️ Long-Form Writer ready (task logged)

📅 MONTHLY TEAM (1st of month 9:00 AM UTC)
🤖 Spawning: 🗓️ Seasonal Editor
tee: '': No such file or directory
  ✅ 🗓️ Seasonal Editor ready (task logged)
🤖 Spawning: 🛠️ Tool Developer
tee: '': No such file or directory
  ✅ 🛠️ Tool Developer ready (task logged)

🚀 DEPLOYER (On content changes)
🤖 Spawning: 🔨 Site Builder
tee: '': No such file or directory
  ✅ 🔨 Site Builder ready (task logged)

✅ SWARM CONFIGURATION COMPLETE

Next steps:
1. Subagents will auto-spawn at scheduled times
2. Dependencies: Brief Writer waits for Weather/Grants/Market
3. Site Builder triggers on any content change
4. Notifications sent to Telegram on completion

To add to OpenClaw cron:
  ~/.openclaw/workspace/skills/uk-farm-blog/scripts/swarm-launcher.sh

🎯 Swarm Ready: 9 agents configured
💰 Daily cost: /home/tim/.openclaw/workspace/skills/uk-farm-blog/scripts/swarm-launcher.sh.00 (freeride mode)
🚀 UK Farm Content Swarm Launching...
Time: Tue Mar  3 06:00:01 AM UTC 2026

📅 DAILY TEAM (6:00 AM UTC)
🤖 Spawning: 🌦 Weather Scout
tee: '': No such file or directory
  ✅ 🌦 Weather Scout ready (task logged)
🤖 Spawning: 💰 Grants Hunter
tee: '': No such file or directory
  ✅ 💰 Grants Hunter ready (task logged)
🤖 Spawning: 📈 Market Watcher
tee: '': No such file or directory
  ✅ 📈 Market Watcher ready (task logged)
🤖 Spawning: 📝 Daily Brief Writer
tee: '': No such file or directory
  ✅ 📝 Daily Brief Writer ready (task logged)

📅 WEEKLY TEAM (Sunday 8:00 AM UTC)
🤖 Spawning: 🔍 SEO Researcher
tee: '': No such file or directory
  ✅ 🔍 SEO Researcher ready (task logged)
🤖 Spawning: ✍️ Long-Form Writer
tee: '': No such file or directory
  ✅ ✍️ Long-Form Writer ready (task logged)

📅 MONTHLY TEAM (1st of month 9:00 AM UTC)
🤖 Spawning: 🗓️ Seasonal Editor
tee: '': No such file or directory
  ✅ 🗓️ Seasonal Editor ready (task logged)
🤖 Spawning: 🛠️ Tool Developer
tee: '': No such file or directory
  ✅ 🛠️ Tool Developer ready (task logged)

🚀 DEPLOYER (On content changes)
🤖 Spawning: 🔨 Site Builder
tee: '': No such file or directory
  ✅ 🔨 Site Builder ready (task logged)

✅ SWARM CONFIGURATION COMPLETE

Next steps:
1. Subagents will auto-spawn at scheduled times
2. Dependencies: Brief Writer waits for Weather/Grants/Market
3. Site Builder triggers on any content change
4. Notifications sent to Telegram on completion

To add to OpenClaw cron:
  ~/.openclaw/workspace/skills/uk-farm-blog/scripts/swarm-launcher.sh

🎯 Swarm Ready: 9 agents configured
💰 Daily cost: /home/tim/.openclaw/workspace/skills/uk-farm-blog/scripts/swarm-launcher.sh.00 (freeride mode)
🚀 UK Farm Content Swarm Launching...
Time: Wed Mar  4 06:00:01 AM UTC 2026

📅 DAILY TEAM (6:00 AM UTC)
🤖 Spawning: 🌦 Weather Scout
tee: '': No such file or directory
  ✅ 🌦 Weather Scout ready (task logged)
🤖 Spawning: 💰 Grants Hunter
tee: '': No such file or directory
  ✅ 💰 Grants Hunter ready (task logged)
🤖 Spawning: 📈 Market Watcher
tee: '': No such file or directory
  ✅ 📈 Market Watcher ready (task logged)
🤖 Spawning: 📝 Daily Brief Writer
tee: '': No such file or directory
  ✅ 📝 Daily Brief Writer ready (task logged)

📅 WEEKLY TEAM (Sunday 8:00 AM UTC)
🤖 Spawning: 🔍 SEO Researcher
tee: '': No such file or directory
  ✅ 🔍 SEO Researcher ready (task logged)
🤖 Spawning: ✍️ Long-Form Writer
tee: '': No such file or directory
  ✅ ✍️ Long-Form Writer ready (task logged)

📅 MONTHLY TEAM (1st of month 9:00 AM UTC)
🤖 Spawning: 🗓️ Seasonal Editor
tee: '': No such file or directory
  ✅ 🗓️ Seasonal Editor ready (task logged)
🤖 Spawning: 🛠️ Tool Developer
tee: '': No such file or directory
  ✅ 🛠️ Tool Developer ready (task logged)

🚀 DEPLOYER (On content changes)
🤖 Spawning: 🔨 Site Builder
tee: '': No such file or directory
  ✅ 🔨 Site Builder ready (task logged)

✅ SWARM CONFIGURATION COMPLETE

Next steps:
1. Subagents will auto-spawn at scheduled times
2. Dependencies: Brief Writer waits for Weather/Grants/Market
3. Site Builder triggers on any content change
4. Notifications sent to Telegram on completion

To add to OpenClaw cron:
  ~/.openclaw/workspace/skills/uk-farm-blog/scripts/swarm-launcher.sh

🎯 Swarm Ready: 9 agents configured
💰 Daily cost: /home/tim/.openclaw/workspace/skills/uk-farm-blog/scripts/swarm-launcher.sh.00 (freeride mode)
🚀 UK Farm Content Swarm Launching...
Time: Thu Mar  5 06:00:01 AM UTC 2026

📅 DAILY TEAM (6:00 AM UTC)
🤖 Spawning: 🌦 Weather Scout
tee: '': No such file or directory
  ✅ 🌦 Weather Scout ready (task logged)
🤖 Spawning: 💰 Grants Hunter
tee: '': No such file or directory
  ✅ 💰 Grants Hunter ready (task logged)
🤖 Spawning: 📈 Market Watcher
tee: '': No such file or directory
  ✅ 📈 Market Watcher ready (task logged)
🤖 Spawning: 📝 Daily Brief Writer
tee: '': No such file or directory
  ✅ 📝 Daily Brief Writer ready (task logged)

📅 WEEKLY TEAM (Sunday 8:00 AM UTC)
🤖 Spawning: 🔍 SEO Researcher
tee: '': No such file or directory
  ✅ 🔍 SEO Researcher ready (task logged)
🤖 Spawning: ✍️ Long-Form Writer
tee: '': No such file or directory
  ✅ ✍️ Long-Form Writer ready (task logged)

📅 MONTHLY TEAM (1st of month 9:00 AM UTC)
🤖 Spawning: 🗓️ Seasonal Editor
tee: '': No such file or directory
  ✅ 🗓️ Seasonal Editor ready (task logged)
🤖 Spawning: 🛠️ Tool Developer
tee: '': No such file or directory
  ✅ 🛠️ Tool Developer ready (task logged)

🚀 DEPLOYER (On content changes)
🤖 Spawning: 🔨 Site Builder
tee: '': No such file or directory
  ✅ 🔨 Site Builder ready (task logged)

✅ SWARM CONFIGURATION COMPLETE

Next steps:
1. Subagents will auto-spawn at scheduled times
2. Dependencies: Brief Writer waits for Weather/Grants/Market
3. Site Builder triggers on any content change
4. Notifications sent to Telegram on completion

To add to OpenClaw cron:
  ~/.openclaw/workspace/skills/uk-farm-blog/scripts/swarm-launcher.sh

🎯 Swarm Ready: 9 agents configured
💰 Daily cost: /home/tim/.openclaw/workspace/skills/uk-farm-blog/scripts/swarm-launcher.sh.00 (freeride mode)
